2025-01-25 14:49:04,899 - root - INFO - Successfully loaded password in DatabaseCC
2025-01-25 14:49:04,958 - root - INFO - Successfully loaded password in DatabaseCC
2025-01-25 14:49:05,003 - root - INFO - Successfully loaded password in DatabaseCC
2025-01-25 14:50:12,520 - root - INFO - Successfully loaded password in DatabaseCC
2025-01-25 14:50:12,559 - root - INFO - Connection established!
2025-01-25 14:50:12,573 - root - INFO - Connection closed.
2025-01-25 14:50:12,573 - root - INFO - No connection to close.
2025-01-25 14:50:12,574 - root - INFO - Successfully loaded password in DatabaseCC
2025-01-25 14:50:12,602 - root - INFO - Connection established!
2025-01-25 14:50:12,619 - root - INFO - Connection closed.
2025-01-25 14:50:12,619 - root - INFO - No connection to close.
2025-01-25 14:50:12,621 - root - INFO - Successfully loaded password in DatabaseCC
2025-01-25 14:50:13,129 - root - INFO - No connection to close.
2025-01-25 14:50:13,130 - root - INFO - No connection to close.
2025-01-25 14:50:13,130 - root - INFO - No connection to close.
2025-01-25 14:52:39,284 - root - INFO - Successfully loaded password in DatabaseCC
2025-01-25 14:52:39,316 - root - INFO - Connection established!
2025-01-25 14:52:39,323 - root - INFO - Dropped table article
2025-01-25 14:52:39,323 - root - INFO - Dropped table article_description
2025-01-25 14:52:39,324 - root - INFO - Dropped table ranked_events
2025-01-25 14:52:39,324 - root - INFO - Dropped table duplicate_table
2025-01-25 14:52:39,330 - root - INFO - All tables Deleted
2025-01-25 14:52:39,330 - root - INFO - Connection closed.
2025-01-25 14:52:39,331 - root - INFO - No connection to close.
2025-01-25 14:52:39,331 - root - INFO - Successfully loaded password in DatabaseCC
2025-01-25 14:52:39,460 - root - INFO - Connection established!
2025-01-25 14:52:39,479 - root - INFO - Created Tables
2025-01-25 14:52:39,479 - root - INFO - Connection closed.
2025-01-25 14:52:39,479 - root - INFO - No connection to close.
2025-01-25 14:52:39,480 - root - INFO - Successfully loaded password in DatabaseCC
2025-01-25 14:52:40,385 - root - INFO - No connection to close.
2025-01-25 14:52:40,385 - root - INFO - No connection to close.
2025-01-25 14:52:40,385 - root - INFO - No connection to close.
2025-01-25 14:53:44,422 - root - INFO - Successfully loaded password in DatabaseCC
2025-01-25 14:53:44,455 - root - INFO - Connection established!
2025-01-25 14:53:44,462 - root - INFO - Dropped table article
2025-01-25 14:53:44,463 - root - INFO - Dropped table article_description
2025-01-25 14:53:44,463 - root - INFO - Dropped table ranked_events
2025-01-25 14:53:44,463 - root - INFO - Dropped table duplicate_table
2025-01-25 14:53:44,469 - root - INFO - All tables Deleted
2025-01-25 14:53:44,469 - root - INFO - Connection closed.
2025-01-25 14:53:44,470 - root - INFO - No connection to close.
2025-01-25 14:53:44,470 - root - INFO - Successfully loaded password in DatabaseCC
2025-01-25 14:53:44,598 - root - INFO - Connection established!
2025-01-25 14:53:44,613 - root - INFO - Created Tables
2025-01-25 14:53:44,613 - root - INFO - Connection closed.
2025-01-25 14:53:44,615 - root - INFO - No connection to close.
2025-01-25 14:53:44,615 - root - INFO - Successfully loaded password in DatabaseCC
2025-01-25 14:53:45,236 - root - INFO - US Parser Created Successfully
2025-01-25 14:53:45,240 - root - INFO - No connection to close.
2025-01-25 14:53:45,242 - root - INFO - No connection to close.
2025-01-25 14:53:45,242 - root - INFO - No connection to close.
2025-01-25 14:56:20,010 - root - INFO - Successfully loaded password in DatabaseCC
2025-01-25 14:56:20,041 - root - INFO - Connection established!
2025-01-25 14:56:20,046 - root - INFO - Dropped table duplicate_table
2025-01-25 14:56:20,049 - root - INFO - Dropped table article
2025-01-25 14:56:20,049 - root - INFO - Dropped table article_description
2025-01-25 14:56:20,050 - root - INFO - Dropped table ranked_events
2025-01-25 14:56:20,054 - root - INFO - All tables Deleted
2025-01-25 14:56:20,054 - root - INFO - Connection closed.
2025-01-25 14:56:20,054 - root - INFO - No connection to close.
2025-01-25 14:56:20,055 - root - INFO - Successfully loaded password in DatabaseCC
2025-01-25 14:56:20,183 - root - INFO - Connection established!
2025-01-25 14:56:20,200 - root - INFO - Created Tables
2025-01-25 14:56:20,200 - root - INFO - Connection closed.
2025-01-25 14:56:20,200 - root - INFO - No connection to close.
2025-01-25 14:56:20,201 - root - INFO - Successfully loaded password in DatabaseCC
2025-01-25 14:56:21,199 - root - INFO - US Parser Created Successfully
2025-01-25 14:56:21,331 - root - INFO - Connection established!
2025-01-25 14:56:21,338 - root - INFO - Link Added in US Parser
2025-01-25 14:56:21,338 - root - INFO - Link Added in US Parser
2025-01-25 14:56:21,339 - root - INFO - Link Added in US Parser
2025-01-25 14:56:21,339 - root - INFO - Link Added in US Parser
2025-01-25 14:56:21,339 - root - INFO - Link Added in US Parser
2025-01-25 14:56:21,340 - root - INFO - Link Added in US Parser
2025-01-25 14:56:21,340 - root - INFO - Link Added in US Parser
2025-01-25 14:56:21,341 - root - INFO - Link Added in US Parser
2025-01-25 14:56:21,341 - root - INFO - Link Added in US Parser
2025-01-25 14:56:21,342 - root - INFO - Link Added in US Parser
2025-01-25 14:56:21,342 - root - INFO - Link Added in US Parser
2025-01-25 14:56:21,343 - root - INFO - Link Added in US Parser
2025-01-25 14:56:21,343 - root - INFO - Link Added in US Parser
2025-01-25 14:56:21,345 - root - INFO - Link Added in US Parser
2025-01-25 14:56:21,345 - root - INFO - Link Added in US Parser
2025-01-25 14:56:21,346 - root - INFO - Link Added in US Parser
2025-01-25 14:56:21,346 - root - INFO - Link Added in US Parser
2025-01-25 14:56:21,346 - root - INFO - Link Added in US Parser
2025-01-25 14:56:21,347 - root - INFO - Link Added in US Parser
2025-01-25 14:56:21,348 - root - INFO - Link Added in US Parser
2025-01-25 14:56:21,348 - root - INFO - Link Added in US Parser
2025-01-25 14:56:21,349 - root - INFO - Link Added in US Parser
2025-01-25 14:56:21,349 - root - INFO - Link Added in US Parser
2025-01-25 14:56:21,350 - root - INFO - Link Added in US Parser
2025-01-25 14:56:21,350 - root - INFO - Link Added in US Parser
2025-01-25 14:56:21,351 - root - INFO - Link Added in US Parser
2025-01-25 14:56:21,351 - root - INFO - Link Added in US Parser
2025-01-25 14:56:21,352 - root - INFO - Link Added in US Parser
2025-01-25 14:56:21,352 - root - INFO - Link Added in US Parser
2025-01-25 14:56:21,353 - root - INFO - Link Added in US Parser
2025-01-25 14:56:21,353 - root - INFO - Link Added in US Parser
2025-01-25 14:56:21,354 - root - INFO - Link Added in US Parser
2025-01-25 14:56:21,355 - root - INFO - Link Added in US Parser
2025-01-25 14:56:21,355 - root - INFO - Link Added in US Parser
2025-01-25 14:56:21,356 - root - INFO - Link Added in US Parser
2025-01-25 14:56:21,356 - root - INFO - Link Added in US Parser
2025-01-25 14:56:21,357 - root - INFO - Link Added in US Parser
2025-01-25 14:56:21,357 - root - INFO - Link Added in US Parser
2025-01-25 14:56:21,357 - root - INFO - Link Added in US Parser
2025-01-25 14:56:21,358 - root - INFO - Link Added in US Parser
2025-01-25 14:56:21,358 - root - INFO - Link Added in US Parser
2025-01-25 14:56:21,359 - root - INFO - Link Added in US Parser
2025-01-25 14:56:21,360 - root - INFO - Link Added in US Parser
2025-01-25 14:56:21,360 - root - INFO - Link Added in US Parser
2025-01-25 14:56:21,360 - root - INFO - Link Added in US Parser
2025-01-25 14:56:21,361 - root - INFO - Link Added in US Parser
2025-01-25 14:56:21,361 - root - INFO - Link Added in US Parser
2025-01-25 14:56:21,361 - root - INFO - Link Added in US Parser
2025-01-25 14:56:21,363 - root - INFO - Link Added in US Parser
2025-01-25 14:56:21,363 - root - INFO - Link Added in US Parser
2025-01-25 14:56:21,364 - root - INFO - Link Added in US Parser
2025-01-25 14:56:21,364 - root - INFO - Link Added in US Parser
2025-01-25 14:56:21,365 - root - INFO - Link Added in US Parser
2025-01-25 14:56:21,365 - root - INFO - Link Added in US Parser
2025-01-25 14:56:21,366 - root - INFO - Link Added in US Parser
2025-01-25 14:56:21,367 - root - INFO - Link Added in US Parser
2025-01-25 14:56:21,367 - root - INFO - Link Added in US Parser
2025-01-25 14:56:21,367 - root - INFO - Link Added in US Parser
2025-01-25 14:56:21,368 - root - INFO - Link Added in US Parser
2025-01-25 14:56:21,369 - root - INFO - Link Added in US Parser
2025-01-25 14:56:21,369 - root - INFO - Link Added in US Parser
2025-01-25 14:56:21,369 - root - INFO - Link Added in US Parser
2025-01-25 14:56:21,370 - root - INFO - Link Added in US Parser
2025-01-25 14:56:21,371 - root - INFO - Link Added in US Parser
2025-01-25 14:56:21,371 - root - INFO - Link Added in US Parser
2025-01-25 14:56:21,371 - root - INFO - Link Added in US Parser
2025-01-25 14:56:21,372 - root - INFO - Link Added in US Parser
2025-01-25 14:56:21,372 - root - INFO - Link Added in US Parser
2025-01-25 14:56:21,373 - root - INFO - Link Added in US Parser
2025-01-25 14:56:21,373 - root - INFO - Link Added in US Parser
2025-01-25 14:56:21,374 - root - INFO - Link Added in US Parser
2025-01-25 14:56:21,374 - root - INFO - Link Added in US Parser
2025-01-25 14:56:21,375 - root - INFO - Link Added in US Parser
2025-01-25 14:56:21,375 - root - INFO - Link Added in US Parser
2025-01-25 14:56:21,375 - root - INFO - Link Added in US Parser
2025-01-25 14:56:21,377 - root - INFO - Link Added in US Parser
2025-01-25 14:56:21,377 - root - INFO - Link Added in US Parser
2025-01-25 14:56:21,378 - root - INFO - Link Added in US Parser
2025-01-25 14:56:21,378 - root - INFO - Link Added in US Parser
2025-01-25 14:56:21,379 - root - INFO - Link Added in US Parser
2025-01-25 14:56:21,379 - root - INFO - Link Added in US Parser
2025-01-25 14:56:21,380 - root - INFO - Link Added in US Parser
2025-01-25 14:56:21,380 - root - INFO - Link Added in US Parser
2025-01-25 14:56:21,381 - root - INFO - Link Added in US Parser
2025-01-25 14:56:21,381 - root - INFO - Link Added in US Parser
2025-01-25 14:56:21,382 - root - INFO - Link Added in US Parser
2025-01-25 14:56:21,382 - root - INFO - Link Added in US Parser
2025-01-25 14:56:21,383 - root - INFO - Link Added in US Parser
2025-01-25 14:56:21,383 - root - INFO - Link Added in US Parser
2025-01-25 14:56:21,384 - root - INFO - Link Added in US Parser
2025-01-25 14:56:21,384 - root - INFO - Link Added in US Parser
2025-01-25 14:56:21,384 - root - INFO - Link Added in US Parser
2025-01-25 14:56:21,386 - root - INFO - Link Added in US Parser
2025-01-25 14:56:21,386 - root - INFO - Connection closed.
2025-01-25 14:56:21,394 - root - INFO - No connection to close.
2025-01-25 14:56:21,395 - root - INFO - No connection to close.
2025-01-25 14:56:21,395 - root - INFO - No connection to close.
